#! /usr/bin/vvp
:ivl_version "0.9.7 " "(v0_9_7)";
:vpi_time_precision + 0;
:vpi_module "system";
:vpi_module "v2005_math";
:vpi_module "va_math";
S_0x2559ef0 .scope module, "behavioralFullAdder" "behavioralFullAdder" 2 6;
 .timescale 0 0;
v0x2537360_0 .net *"_s10", 0 0, C4<0>; 1 drivers
v0x2578000_0 .net *"_s11", 1 0, L_0x2579c00; 1 drivers
v0x25780a0_0 .net *"_s13", 1 0, L_0x2579da0; 1 drivers
v0x2578140_0 .net *"_s16", 0 0, C4<0>; 1 drivers
v0x25781f0_0 .net *"_s17", 1 0, L_0x2579f10; 1 drivers
v0x2578290_0 .net *"_s3", 1 0, L_0x25798f0; 1 drivers
v0x2578370_0 .net *"_s6", 0 0, C4<0>; 1 drivers
v0x2578410_0 .net *"_s7", 1 0, L_0x2579a40; 1 drivers
v0x2578500_0 .net "a", 0 0, C4<z>; 0 drivers
v0x25785a0_0 .net "b", 0 0, C4<z>; 0 drivers
v0x25786a0_0 .net "carryin", 0 0, C4<z>; 0 drivers
v0x2578740_0 .net "carryout", 0 0, L_0x2579720; 1 drivers
v0x2578850_0 .net "sum", 0 0, L_0x2579820; 1 drivers
L_0x2579720 .part L_0x2579f10, 1, 1;
L_0x2579820 .part L_0x2579f10, 0, 1;
L_0x25798f0 .concat [ 1 1 0 0], C4<z>, C4<0>;
L_0x2579a40 .concat [ 1 1 0 0], C4<z>, C4<0>;
L_0x2579c00 .arith/sum 2, L_0x25798f0, L_0x2579a40;
L_0x2579da0 .concat [ 1 1 0 0], C4<z>, C4<0>;
L_0x2579f10 .arith/sum 2, L_0x2579c00, L_0x2579da0;
S_0x2559fe0 .scope module, "testFullAdder" "testFullAdder" 2 42;
 .timescale 0 0;
v0x2579390_0 .var "a", 0 0;
v0x2579430_0 .var "b", 0 0;
v0x25794e0_0 .var "carryin", 0 0;
v0x2579590_0 .net "carryout", 0 0, L_0x257ab10; 1 drivers
v0x2579670_0 .net "sum", 0 0, L_0x257a5d0; 1 drivers
S_0x25788f0 .scope module, "adder" "structuralFullAdder" 2 46, 2 12, S_0x2559fe0;
 .timescale 0 0;
L_0x2578620/d .functor NOT 1, v0x2579390_0, C4<0>, C4<0>, C4<0>;
L_0x2578620 .delay (50,50,50) L_0x2578620/d;
L_0x257a0e0/d .functor NOT 1, v0x2579430_0, C4<0>, C4<0>, C4<0>;
L_0x257a0e0 .delay (50,50,50) L_0x257a0e0/d;
L_0x257a1d0/d .functor XOR 1, v0x2579430_0, v0x25794e0_0, C4<0>, C4<0>;
L_0x257a1d0 .delay (50,50,50) L_0x257a1d0/d;
L_0x257a2c0/d .functor NOT 1, L_0x257a1d0, C4<0>, C4<0>, C4<0>;
L_0x257a2c0 .delay (50,50,50) L_0x257a2c0/d;
L_0x257a3b0/d .functor AND 1, L_0x2578620, L_0x257a1d0, C4<1>, C4<1>;
L_0x257a3b0 .delay (50,50,50) L_0x257a3b0/d;
L_0x257a4a0/d .functor AND 1, v0x2579390_0, L_0x257a2c0, C4<1>, C4<1>;
L_0x257a4a0 .delay (50,50,50) L_0x257a4a0/d;
L_0x257a5d0/d .functor OR 1, L_0x257a3b0, L_0x257a4a0, C4<0>, C4<0>;
L_0x257a5d0 .delay (50,50,50) L_0x257a5d0/d;
L_0x257a760/d .functor AND 1, v0x2579430_0, v0x25794e0_0, C4<1>, C4<1>;
L_0x257a760 .delay (50,50,50) L_0x257a760/d;
L_0x257a890/d .functor AND 1, v0x2579390_0, v0x25794e0_0, C4<1>, C4<1>;
L_0x257a890 .delay (50,50,50) L_0x257a890/d;
L_0x257aa10/d .functor AND 1, v0x2579390_0, v0x2579430_0, C4<1>, C4<1>;
L_0x257aa10 .delay (50,50,50) L_0x257aa10/d;
L_0x257ab10/d .functor OR 1, L_0x257a760, L_0x257a890, L_0x257aa10, C4<0>;
L_0x257ab10 .delay (50,50,50) L_0x257ab10/d;
v0x25789e0_0 .net "a", 0 0, v0x2579390_0; 1 drivers
v0x2578aa0_0 .net "aANDb", 0 0, L_0x257aa10; 1 drivers
v0x2578b40_0 .net "aANDbXORc", 0 0, L_0x257a3b0; 1 drivers
v0x2578be0_0 .net "aANDc", 0 0, L_0x257a890; 1 drivers
v0x2578c60_0 .net "aANDnbXORc", 0 0, L_0x257a4a0; 1 drivers
v0x2578d00_0 .net "b", 0 0, v0x2579430_0; 1 drivers
v0x2578da0_0 .net "bANDc", 0 0, L_0x257a760; 1 drivers
v0x2578e40_0 .net "bXORc", 0 0, L_0x257a1d0; 1 drivers
v0x2578ee0_0 .net "carryin", 0 0, v0x25794e0_0; 1 drivers
v0x2578f80_0 .alias "carryout", 0 0, v0x2579590_0;
v0x2579020_0 .net "na", 0 0, L_0x2578620; 1 drivers
v0x25790c0_0 .net "nb", 0 0, L_0x257a0e0; 1 drivers
v0x25791d0_0 .net "nbXORc", 0 0, L_0x257a2c0; 1 drivers
v0x2579270_0 .alias "sum", 0 0, v0x2579670_0;
    .scope S_0x2559fe0;
T_0 ;
    %vpi_call 2 49 "$dumpfile", "adder.vcd";
    %vpi_call 2 50 "$dumpvars", 1'sb0, S_0x2559fe0;
    %vpi_call 2 52 "$display", "A B Ci | S Co";
    %set/v v0x2579390_0, 0, 1;
    %set/v v0x2579430_0, 0, 1;
    %set/v v0x25794e0_0, 0, 1;
    %delay 1000, 0;
    %vpi_call 2 54 "$display", "%b %b %b  | %b %b", v0x2579390_0, v0x2579430_0, v0x25794e0_0, v0x2579670_0, v0x2579590_0;
    %set/v v0x2579390_0, 0, 1;
    %set/v v0x2579430_0, 0, 1;
    %set/v v0x25794e0_0, 1, 1;
    %delay 1000, 0;
    %vpi_call 2 56 "$display", "%b %b %b  | %b %b", v0x2579390_0, v0x2579430_0, v0x25794e0_0, v0x2579670_0, v0x2579590_0;
    %set/v v0x2579390_0, 0, 1;
    %set/v v0x2579430_0, 1, 1;
    %set/v v0x25794e0_0, 0, 1;
    %delay 1000, 0;
    %vpi_call 2 58 "$display", "%b %b %b  | %b %b", v0x2579390_0, v0x2579430_0, v0x25794e0_0, v0x2579670_0, v0x2579590_0;
    %set/v v0x2579390_0, 0, 1;
    %set/v v0x2579430_0, 1, 1;
    %set/v v0x25794e0_0, 1, 1;
    %delay 1000, 0;
    %vpi_call 2 60 "$display", "%b %b %b  | %b %b", v0x2579390_0, v0x2579430_0, v0x25794e0_0, v0x2579670_0, v0x2579590_0;
    %set/v v0x2579390_0, 1, 1;
    %set/v v0x2579430_0, 0, 1;
    %set/v v0x25794e0_0, 0, 1;
    %delay 1000, 0;
    %vpi_call 2 62 "$display", "%b %b %b  | %b %b", v0x2579390_0, v0x2579430_0, v0x25794e0_0, v0x2579670_0, v0x2579590_0;
    %set/v v0x2579390_0, 1, 1;
    %set/v v0x2579430_0, 0, 1;
    %set/v v0x25794e0_0, 1, 1;
    %delay 1000, 0;
    %vpi_call 2 64 "$display", "%b %b %b  | %b %b", v0x2579390_0, v0x2579430_0, v0x25794e0_0, v0x2579670_0, v0x2579590_0;
    %set/v v0x2579390_0, 1, 1;
    %set/v v0x2579430_0, 1, 1;
    %set/v v0x25794e0_0, 0, 1;
    %delay 1000, 0;
    %vpi_call 2 66 "$display", "%b %b %b  | %b %b", v0x2579390_0, v0x2579430_0, v0x25794e0_0, v0x2579670_0, v0x2579590_0;
    %set/v v0x2579390_0, 1, 1;
    %set/v v0x2579430_0, 1, 1;
    %set/v v0x25794e0_0, 1, 1;
    %delay 1000, 0;
    %vpi_call 2 68 "$display", "%b %b %b  | %b %b", v0x2579390_0, v0x2579430_0, v0x25794e0_0, v0x2579670_0, v0x2579590_0;
    %end;
    .thread T_0;
# The file index is used to find the file name in the following table.
:file_names 3;
    "N/A";
    "<interactive>";
    "adder.v";
